<?xml version="1.0" encoding="UTF-8"?>
<testsuite name="Cucumber" tests="3" skipped="0" failures="0" errors="0" timestamp="2026-03-03T12:56:00.878Z" hostname="DESKTOP-I20AEIP" time="9.95">
  <properties/>
  <testcase name="Crear una orden exitosamente retorna 201 con Location" classname="io.cucumber.junit.platform.engine.CucumberTestEngine" time="9.328"/>
  <testcase name="La URL del header Location es accesible" classname="io.cucumber.junit.platform.engine.CucumberTestEngine" time="0.36"/>
  <testcase name="Creación fallida no incluye header Location" classname="io.cucumber.junit.platform.engine.CucumberTestEngine" time="0.256"/>
  <system-out><![CDATA[07:55:59.494 [Test worker] INFO  c.r.qa.stepdefinitions.CucumberHooks - === Iniciando suite de pruebas Serenity BDD ===
07:56:00.670 [Test worker] INFO   - ?[96m

-------------------------------------------------------------------------------------
     _______. _______ .______       _______ .__   __.  __  .___________.____    ____ 
    /       ||   ____||   _  \     |   ____||  \ |  | |  | |           |\   \  /   / 
   |   (----`|  |__   |  |_)  |    |  |__   |   \|  | |  | `---|  |----` \   \/   /  
    \   \    |   __|  |      /     |   __|  |  . `  | |  |     |  |       \_    _/   
.----)   |   |  |____ |  |\  \----.|  |____ |  |\   | |  |     |  |         |  |     
|_______/    |_______|| _| `._____||_______||__| \__| |__|     |__|         |__|    
                                                                                     
 News and tutorials at https://serenity-bdd.info                                     
 Documentation at https://serenity-bdd.github.io                                     
 Test Automation Training and Coaching: https://www.serenity-dojo.com                
 Commercial Support: https://www.serenity-dojo.com/serenity-bdd-enterprise-support   
 Join the Serenity Community on Gitter: https://gitter.im/serenity-bdd/serenity-core 
-------------------------------------------------------------------------------------
?[0m
07:56:00.682 [Test worker] INFO   - Test Suite Started: Creación de recursos con semántica HTTP correcta
07:56:01.051 [Test worker] INFO   - 
  _____   ___   ___   _____     ___   _____     _     ___   _____   ___   ___  
 |_   _| | __| / __| |_   _|   / __| |_   _|   /_\   | _ \ |_   _| | __| |   \ 
   | |   | _|  \__ \   | |     \__ \   | |    / _ \  |   /   | |   | _|  | |) |
   |_|   |___| |___/   |_|     |___/   |_|   /_/ \_\ |_|_\   |_|   |___| |___/ 

Crear una orden exitosamente retorna 201 con Location(creación-de-recursos-con-semántica-http-correcta;crear-una-orden-exitosamente-retorna-201-con-location)
--------------------------------------------------------------------------------
07:56:01.152 [Test worker] INFO  c.r.qa.stepdefinitions.CucumberHooks - --- Preparando escenario ---
07:56:01.163 [Test worker] INFO   - ?[92m|-- Dado que el catálogo de productos contiene al menos un producto activo con id 1?[0m
07:56:06.597 [Test worker] INFO   - ?[92m|-- Y que la mesa 5 se encuentra disponible?[0m
07:56:06.744 [Test worker] INFO   - ?[92m|-- Dado que el payload de la orden es válido con tableId 5 y productId 1 con quantity 2?[0m
07:56:06.749 [Test worker] INFO   - ?[92m|-- Cuando se envía una solicitud POST a "/orders"?[0m
07:56:09.033 [Test worker] INFO   - ?[92m|-- Entonces la respuesta debe tener código 201?[0m
07:56:09.036 [Test worker] INFO   - ?[92m|-- Y debe incluir el header "Location" con el patrón "/orders/{uuid}"?[0m
07:56:09.046 [Test worker] INFO   - ?[92m|-- Y el campo "status" debe ser "PENDING"?[0m
07:56:10.141 [Test worker] INFO   - ?[92m|-- Y el header "Content-Type" debe ser "application/json"?[0m
07:56:10.146 [Test worker] INFO  c.r.qa.stepdefinitions.CucumberHooks - --- Finalizando escenario ---
07:56:10.151 [Test worker] INFO   - ?[92m
  _____   ___   ___   _____     ___     _     ___   ___   ___   ___  
 |_   _| | __| / __| |_   _|   | _ \   /_\   / __| / __| | __| |   \ 
   | |   | _|  \__ \   | |     |  _/  / _ \  \__ \ \__ \ | _|  | |) |
   |_|   |___| |___/   |_|     |_|   /_/ \_\ |___/ |___/ |___| |___/ 

Crear una orden exitosamente retorna 201 con Location
----------------------------------------------------------------------?[0m
07:56:10.224 [Test worker] INFO   - 
  _____   ___   ___   _____     ___   _____     _     ___   _____   ___   ___  
 |_   _| | __| / __| |_   _|   / __| |_   _|   /_\   | _ \ |_   _| | __| |   \ 
   | |   | _|  \__ \   | |     \__ \   | |    / _ \  |   /   | |   | _|  | |) |
   |_|   |___| |___/   |_|     |___/   |_|   /_/ \_\ |_|_\   |_|   |___| |___/ 

La URL del header Location es accesible(creación-de-recursos-con-semántica-http-correcta;la-url-del-header-location-es-accesible)
--------------------------------------------------------------------------------
07:56:10.235 [Test worker] INFO  c.r.qa.stepdefinitions.CucumberHooks - --- Preparando escenario ---
07:56:10.237 [Test worker] INFO   - ?[92m|-- Dado que el catálogo de productos contiene al menos un producto activo con id 1?[0m
07:56:10.298 [Test worker] INFO   - ?[92m|-- Y que la mesa 5 se encuentra disponible?[0m
07:56:10.300 [Test worker] INFO   - ?[92m|-- Dado que se creó una orden exitosamente vía POST a "/orders"?[0m
07:56:10.389 [Test worker] INFO   - ?[92m|-- Cuando se envía una solicitud GET a la URL del header "Location"?[0m
07:56:10.518 [Test worker] INFO   - ?[92m|-- Entonces la respuesta debe tener código 200?[0m
07:56:10.519 [Test worker] INFO   - ?[92m|-- Y el cuerpo debe contener la misma orden creada previamente?[0m
07:56:10.537 [Test worker] INFO  c.r.qa.stepdefinitions.CucumberHooks - --- Finalizando escenario ---
07:56:10.538 [Test worker] INFO   - ?[92m
  _____   ___   ___   _____     ___     _     ___   ___   ___   ___  
 |_   _| | __| / __| |_   _|   | _ \   /_\   / __| / __| | __| |   \ 
   | |   | _|  \__ \   | |     |  _/  / _ \  \__ \ \__ \ | _|  | |) |
   |_|   |___| |___/   |_|     |_|   /_/ \_\ |___/ |___/ |___| |___/ 

La URL del header Location es accesible
----------------------------------------------------------------------?[0m
07:56:10.582 [Test worker] INFO   - 
  _____   ___   ___   _____     ___   _____     _     ___   _____   ___   ___  
 |_   _| | __| / __| |_   _|   / __| |_   _|   /_\   | _ \ |_   _| | __| |   \ 
   | |   | _|  \__ \   | |     \__ \   | |    / _ \  |   /   | |   | _|  | |) |
   |_|   |___| |___/   |_|     |___/   |_|   /_/ \_\ |_|_\   |_|   |___| |___/ 

Creación fallida no incluye header Location(creación-de-recursos-con-semántica-http-correcta;creación-fallida-no-incluye-header-location)
--------------------------------------------------------------------------------
07:56:10.588 [Test worker] INFO  c.r.qa.stepdefinitions.CucumberHooks - --- Preparando escenario ---
07:56:10.596 [Test worker] INFO   - ?[92m|-- Dado que el catálogo de productos contiene al menos un producto activo con id 1?[0m
07:56:10.658 [Test worker] INFO   - ?[92m|-- Y que la mesa 5 se encuentra disponible?[0m
07:56:10.660 [Test worker] INFO   - ?[92m|-- Dado que el payload contiene un tableId inválido de 0?[0m
07:56:10.662 [Test worker] INFO   - ?[92m|-- Cuando se envía una solicitud POST a "/orders"?[0m
07:56:10.750 [Test worker] INFO   - ?[92m|-- Entonces la respuesta debe tener código 400?[0m
07:56:10.752 [Test worker] INFO   - ?[92m|-- Y no debe incluir el header "Location"?[0m
07:56:10.754 [Test worker] INFO   - ?[92m|-- Y el cuerpo debe seguir la estructura ErrorResponse?[0m
07:56:10.778 [Test worker] INFO  c.r.qa.stepdefinitions.CucumberHooks - --- Finalizando escenario ---
07:56:10.779 [Test worker] INFO   - ?[92m
  _____   ___   ___   _____     ___     _     ___   ___   ___   ___  
 |_   _| | __| / __| |_   _|   | _ \   /_\   / __| / __| | __| |   \ 
   | |   | _|  \__ \   | |     |  _/  / _ \  \__ \ \__ \ | _|  | |) |
   |_|   |___| |___/   |_|     |_|   /_/ \_\ |___/ |___/ |___| |___/ 

Creación fallida no incluye header Location
----------------------------------------------------------------------?[0m
07:56:10.834 [Test worker] INFO  c.r.qa.stepdefinitions.CucumberHooks - === Suite de pruebas finalizada ===
]]></system-out>
  <system-err><![CDATA[]]></system-err>
</testsuite>
